
> ai-school-parallax@1.0.0 dev
> next dev

 ⚠ Warning: Next.js inferred your workspace root, but it may not be correct.
 We detected multiple lockfiles and selected the directory of C:\Users\GamingPC\package-lock.json as the root directory.
 To silence this warning, set `outputFileTracingRoot` in your Next.js config, or consider removing one of the lockfiles if it's not needed.
   See https://nextjs.org/docs/app/api-reference/config/next-config-js/output#caveats for more information.
 Detected additional lockfiles: 
   * C:\Users\GamingPC\Downloads\בית ספר AI עם עיצוב iOS-handoff\ai-ios\package-lock.json

 ⚠ Port 3000 is in use by process 38760, using available port 3005 instead.
   ▲ Next.js 15.5.19
   - Local:        http://localhost:3005
   - Network:      http://10.0.0.8:3005

 ✓ Starting...
 ✓ Ready in 1756ms
 ⚠ Found a change in next.config.ts. Restarting the server to apply the changes...
   ▲ Next.js 15.5.19
   - Local:        http://localhost:3005
   - Network:      http://10.0.0.8:3005

 ✓ Starting...
   Using tsconfig file: ./tsconfig.json
 ✓ Ready in 2.1s
   Reload env: .env.local
